The system is: Linux - sh: 0: getcwd() failed: No such file or directory
6.5.0-27-generic - sh: 0: getcwd() failed: No such file or directory
x86_64
Determining if the C compiler works passed with the following output:
Change Dir: /home/lieryang/Desktop/LieryangStack.github.io/assets/OpenGL/build/CMakeFiles/CMakeTmp

Run Build Command:"/usr/bin/gmake" "cmTC_ab063/fast"
/usr/bin/gmake -f CMakeFiles/cmTC_ab063.dir/build.make CMakeFiles/cmTC_ab063.dir/build
gmake[1]: Entering directory '/home/lieryang/Desktop/LieryangStack.github.io/assets/OpenGL/build/CMakeFiles/CMakeTmp'
Building C object CMakeFiles/cmTC_ab063.dir/testCCompiler.c.o
/usr/bin/gcc-12    -o CMakeFiles/cmTC_ab063.dir/testCCompiler.c.o   -c /home/lieryang/Desktop/LieryangStack.github.io/assets/OpenGL/build/CMakeFiles/CMakeTmp/testCCompiler.c
Linking C executable cmTC_ab063
/usr/local/bin/cmake -E cmake_link_script CMakeFiles/cmTC_ab063.dir/link.txt --verbose=1
/usr/bin/gcc-12      CMakeFiles/cmTC_ab063.dir/testCCompiler.c.o  -o cmTC_ab063 
gmake[1]: Leaving directory '/home/lieryang/Desktop/LieryangStack.github.io/assets/OpenGL/build/CMakeFiles/CMakeTmp'


Detecting C compiler ABI info compiled with the following output:
Change Dir: /home/lieryang/Desktop/LieryangStack.github.io/assets/OpenGL/build/CMakeFiles/CMakeTmp

Run Build Command:"/usr/bin/gmake" "cmTC_3f06c/fast"
/usr/bin/gmake -f CMakeFiles/cmTC_3f06c.dir/build.make CMakeFiles/cmTC_3f06c.dir/build
gmake[1]: Entering directory '/home/lieryang/Desktop/LieryangStack.github.io/assets/OpenGL/build/CMakeFiles/CMakeTmp'
Building C object CMakeFiles/cmTC_3f06c.dir/CMakeCCompilerABI.c.o
/usr/bin/gcc-12    -o CMakeFiles/cmTC_3f06c.dir/CMakeCCompilerABI.c.o   -c /usr/local/share/cmake-3.13/Modules/CMakeCCompilerABI.c
Linking C executable cmTC_3f06c
/usr/local/bin/cmake -E cmake_link_script CMakeFiles/cmTC_3f06c.dir/link.txt --verbose=1
/usr/bin/gcc-12      CMakeFiles/cmTC_3f06c.dir/CMakeCCompilerABI.c.o  -o cmTC_3f06c 
gmake[1]: Leaving directory '/home/lieryang/Desktop/LieryangStack.github.io/assets/OpenGL/build/CMakeFiles/CMakeTmp'


Determining if the CXX compiler works passed with the following output:
Change Dir: /home/lieryang/Desktop/LieryangStack.github.io/assets/OpenGL/build/CMakeFiles/CMakeTmp

Run Build Command:"/usr/bin/gmake" "cmTC_af54f/fast"
/usr/bin/gmake -f CMakeFiles/cmTC_af54f.dir/build.make CMakeFiles/cmTC_af54f.dir/build
gmake[1]: Entering directory '/home/lieryang/Desktop/LieryangStack.github.io/assets/OpenGL/build/CMakeFiles/CMakeTmp'
Building CXX object CMakeFiles/cmTC_af54f.dir/testCXXCompiler.cxx.o
/usr/bin/c++     -o CMakeFiles/cmTC_af54f.dir/testCXXCompiler.cxx.o -c /home/lieryang/Desktop/LieryangStack.github.io/assets/OpenGL/build/CMakeFiles/CMakeTmp/testCXXCompiler.cxx
Linking CXX executable cmTC_af54f
/usr/local/bin/cmake -E cmake_link_script CMakeFiles/cmTC_af54f.dir/link.txt --verbose=1
/usr/bin/c++       CMakeFiles/cmTC_af54f.dir/testCXXCompiler.cxx.o  -o cmTC_af54f 
gmake[1]: Leaving directory '/home/lieryang/Desktop/LieryangStack.github.io/assets/OpenGL/build/CMakeFiles/CMakeTmp'


Detecting CXX compiler ABI info compiled with the following output:
Change Dir: /home/lieryang/Desktop/LieryangStack.github.io/assets/OpenGL/build/CMakeFiles/CMakeTmp

Run Build Command:"/usr/bin/gmake" "cmTC_28b02/fast"
/usr/bin/gmake -f CMakeFiles/cmTC_28b02.dir/build.make CMakeFiles/cmTC_28b02.dir/build
gmake[1]: Entering directory '/home/lieryang/Desktop/LieryangStack.github.io/assets/OpenGL/build/CMakeFiles/CMakeTmp'
Building CXX object CMakeFiles/cmTC_28b02.dir/CMakeCXXCompilerABI.cpp.o
/usr/bin/c++     -o CMakeFiles/cmTC_28b02.dir/CMakeCXXCompilerABI.cpp.o -c /usr/local/share/cmake-3.13/Modules/CMakeCXXCompilerABI.cpp
Linking CXX executable cmTC_28b02
/usr/local/bin/cmake -E cmake_link_script CMakeFiles/cmTC_28b02.dir/link.txt --verbose=1
/usr/bin/c++       CMakeFiles/cmTC_28b02.dir/CMakeCXXCompilerABI.cpp.o  -o cmTC_28b02 
gmake[1]: Leaving directory '/home/lieryang/Desktop/LieryangStack.github.io/assets/OpenGL/build/CMakeFiles/CMakeTmp'


